\BOOKMARK [1][]{section.1}{\376\377\000I\000n\000t\000r\000o\000d\000u\000c\000t\000i\000o\000n}{}% 1
\BOOKMARK [1][]{section.2}{\376\377\000R\000e\000s\000u\000l\000t\000s}{}% 2
\BOOKMARK [1][]{section.3}{\376\377\000T\000h\000i\000s\000\040\000i\000s\000\040\000a\000n\000\040\000e\000x\000a\000m\000p\000l\000e\000\040\000f\000o\000r\000\040\000f\000i\000r\000s\000t\000\040\000l\000e\000v\000e\000l\000\040\000h\000e\000a\000d\040\024\000s\000e\000c\000t\000i\000o\000n\000\040\000h\000e\000a\000d}{}% 3
\BOOKMARK [2][]{subsection.3.1}{\376\377\000T\000h\000i\000s\000\040\000i\000s\000\040\000a\000n\000\040\000e\000x\000a\000m\000p\000l\000e\000\040\000f\000o\000r\000\040\000s\000e\000c\000o\000n\000d\000\040\000l\000e\000v\000e\000l\000\040\000h\000e\000a\000d\040\024\000s\000u\000b\000s\000e\000c\000t\000i\000o\000n\000\040\000h\000e\000a\000d}{section.3}% 4
\BOOKMARK [3][]{subsubsection.3.1.1}{\376\377\000T\000h\000i\000s\000\040\000i\000s\000\040\000a\000n\000\040\000e\000x\000a\000m\000p\000l\000e\000\040\000f\000o\000r\000\040\000t\000h\000i\000r\000d\000\040\000l\000e\000v\000e\000l\000\040\000h\000e\000a\000d\040\024\000s\000u\000b\000s\000u\000b\000s\000e\000c\000t\000i\000o\000n\000\040\000h\000e\000a\000d}{subsection.3.1}% 5
\BOOKMARK [1][]{section.4}{\376\377\000E\000q\000u\000a\000t\000i\000o\000n\000s}{}% 6
\BOOKMARK [1][]{section.5}{\376\377\000T\000a\000b\000l\000e\000s}{}% 7
\BOOKMARK [1][]{section.6}{\376\377\000F\000i\000g\000u\000r\000e\000s}{}% 8
\BOOKMARK [1][]{section.7}{\376\377\000A\000l\000g\000o\000r\000i\000t\000h\000m\000s\000,\000\040\000P\000r\000o\000g\000r\000a\000m\000\040\000c\000o\000d\000e\000s\000\040\000a\000n\000d\000\040\000L\000i\000s\000t\000i\000n\000g\000s}{}% 9
\BOOKMARK [1][]{section.8}{\376\377\000C\000r\000o\000s\000s\000\040\000r\000e\000f\000e\000r\000e\000n\000c\000i\000n\000g}{}% 10
\BOOKMARK [2][]{subsection.8.1}{\376\377\000D\000e\000t\000a\000i\000l\000s\000\040\000o\000n\000\040\000r\000e\000f\000e\000r\000e\000n\000c\000e\000\040\000c\000i\000t\000a\000t\000i\000o\000n\000s}{section.8}% 11
\BOOKMARK [1][]{section.9}{\376\377\000E\000x\000a\000m\000p\000l\000e\000s\000\040\000f\000o\000r\000\040\000t\000h\000e\000o\000r\000e\000m\000\040\000l\000i\000k\000e\000\040\000e\000n\000v\000i\000r\000o\000n\000m\000e\000n\000t\000s}{}% 12
\BOOKMARK [1][]{section.10}{\376\377\000M\000e\000t\000h\000o\000d\000s}{}% 13
\BOOKMARK [1][]{section.11}{\376\377\000D\000i\000s\000c\000u\000s\000s\000i\000o\000n}{}% 14
\BOOKMARK [1][]{section.12}{\376\377\000C\000o\000n\000c\000l\000u\000s\000i\000o\000n}{}% 15
\BOOKMARK [2][]{section*.2}{\376\377\000S\000u\000p\000p\000l\000e\000m\000e\000n\000t\000a\000r\000y\000\040\000i\000n\000f\000o\000r\000m\000a\000t\000i\000o\000n}{section.12}% 16
\BOOKMARK [3][]{section*.3}{\376\377\000A\000c\000k\000n\000o\000w\000l\000e\000d\000g\000e\000m\000e\000n\000t\000s}{section*.2}% 17
\BOOKMARK [1][]{section.13}{\376\377\000M\000o\000d\000\351\000l\000i\000s\000a\000t\000i\000o\000n}{}% 18
\BOOKMARK [2][]{subsection.13.1}{\376\377\000H\000y\000p\000o\000t\000h\000\350\000s\000e\000s}{section.13}% 19
\BOOKMARK [2][]{subsection.13.2}{\376\377\000F\000o\000r\000m\000u\000l\000e\000s}{section.13}% 20
\BOOKMARK [1][]{section.14}{\376\377\000F\000o\000n\000c\000t\000i\000o\000n\000n\000e\000m\000e\000n\000t\000\040\000c\000o\000d\000e}{}% 21
\BOOKMARK [2][]{subsection.14.1}{\376\377\000A\000r\000c\000h\000i\000t\000e\000c\000t\000u\000r\000e\000\040\000g\000\351\000n\000\351\000r\000a\000l\000e}{section.14}% 22
\BOOKMARK [2][]{subsection.14.2}{\376\377\000W\000o\000r\000l\000d}{section.14}% 23
\BOOKMARK [3][]{subsubsection.14.2.1}{\376\377\000O\000p\000t\000i\000m\000i\000s\000a\000t\000i\000o\000n\000:\000\040\000A\000o\000S\000\040\000v\000s\000\040\000S\000o\000A}{subsection.14.2}% 24
\BOOKMARK [3][]{subsubsection.14.2.2}{\376\377\000O\000p\000t\000i\000m\000i\000s\000a\000t\000i\000o\000n\000\040\000s\000u\000r\000\040\000l\000e\000\040\000c\000a\000l\000c\000u\000l\000\040\000d\000e\000s\000\040\000a\000n\000g\000l\000e\000s}{subsection.14.2}% 25
\BOOKMARK [2][]{subsection.14.3}{\376\377\000U\000n\000i\000t\000\040\000S\000o\000l\000v\000e\000r}{section.14}% 26
\BOOKMARK [3][]{subsubsection.14.3.1}{\376\377\000T\000r\000a\000n\000s\000m\000i\000s\000s\000i\000o\000n}{subsection.14.3}% 27
\BOOKMARK [3][]{subsubsection.14.3.2}{\376\377\000R\000e\000f\000l\000e\000x\000i\000o\000n}{subsection.14.3}% 28
\BOOKMARK [3][]{subsubsection.14.3.3}{\376\377\000M\000i\000s\000e\000\040\000e\000n\000\040\000c\000o\000m\000m\000u\000n}{subsection.14.3}% 29
